# JRE version: Java(TM) SE Runtime Environment (8.0_144-b01) (build 1.8.0_144-b01)
# Java VM: Java HotSpot(TM) 64-Bit Server VM (25.144-b01 mixed mode linux-amd64 compressed oops)
Heap:
 PSYoungGen      total 50176K, used 29609K [0x00000000ebe00000, 0x00000000f0580000, 0x0000000100000000)
  eden space 30208K, 54% used [0x00000000ebe00000,0x00000000ece02640,0x00000000edb80000)
  from space 19968K, 66% used [0x00000000ef200000,0x00000000efee8000,0x00000000f0580000)
  to   space 21504K, 0% used [0x00000000edb80000,0x00000000edb80000,0x00000000ef080000)
 ParOldGen       total 74752K, used 38016K [0x00000000c3a00000, 0x00000000c8300000, 0x00000000ebe00000)
  object space 74752K, 50% used [0x00000000c3a00000,0x00000000c5f20248,0x00000000c8300000)
 Metaspace       used 18412K, capacity 19516K, committed 19584K, reserved 1067008K
  class space    used 2665K, capacity 2892K, committed 2944K, reserved 1048576K
GC Heap History (10 events):
Event: 28.887 GC heap before
{Heap before GC invocations=3 (full 0):
 PSYoungGen      total 18432K, used 18400K [0x00000000ebe00000, 0x00000000ed280000, 0x0000000100000000)
  eden space 15872K, 100% used [0x00000000ebe00000,0x00000000ecd80000,0x00000000ecd80000)
  from space 2560K, 98% used [0x00000000ed000000,0x00000000ed278030,0x00000000ed280000)
  to   space 2560K, 0% used [0x00000000ecd80000,0x00000000ecd80000,0x00000000ed000000)
 ParOldGen       total 42496K, used 3439K [0x00000000c3a00000, 0x00000000c6380000, 0x00000000ebe00000)
  object space 42496K, 8% used [0x00000000c3a00000,0x00000000c3d5bc08,0x00000000c6380000)
 Metaspace       used 17866K, capacity 18964K, committed 19072K, reserved 1064960K
  class space    used 2603K, capacity 2858K, committed 2944K, reserved 1048576K
Event: 28.912 GC heap after
Heap after GC invocations=3 (full 0):
 PSYoungGen      total 18432K, used 2528K [0x00000000ebe00000, 0x00000000ed280000, 0x0000000100000000)
  eden space 15872K, 0% used [0x00000000ebe00000,0x00000000ebe00000,0x00000000ecd80000)
  from space 2560K, 98% used [0x00000000ecd80000,0x00000000ecff8020,0x00000000ed000000)
  to   space 2560K, 0% used [0x00000000ed000000,0x00000000ed000000,0x00000000ed280000)
 ParOldGen       total 42496K, used 9991K [0x00000000c3a00000, 0x00000000c6380000, 0x00000000ebe00000)
  object space 42496K, 23% used [0x00000000c3a00000,0x00000000c43c1c48,0x00000000c6380000)
 Metaspace       used 17866K, capacity 18964K, committed 19072K, reserved 1064960K
  class space    used 2603K, capacity 2858K, committed 2944K, reserved 1048576K
}
Event: 28.993 GC heap before
{Heap before GC invocations=4 (full 0):
 PSYoungGen      total 18432K, used 18400K [0x00000000ebe00000, 0x00000000ed280000, 0x0000000100000000)
  eden space 15872K, 100% used [0x00000000ebe00000,0x00000000ecd80000,0x00000000ecd80000)
  from space 2560K, 98% used [0x00000000ecd80000,0x00000000ecff8020,0x00000000ed000000)
  to   space 2560K, 0% used [0x00000000ed000000,0x00000000ed000000,0x00000000ed280000)
 ParOldGen       total 42496K, used 9991K [0x00000000c3a00000, 0x00000000c6380000, 0x00000000ebe00000)
  object space 42496K, 23% used [0x00000000c3a00000,0x00000000c43c1c48,0x00000000c6380000)
 Metaspace       used 17875K, capacity 18964K, committed 19072K, reserved 1064960K
  class space    used 2603K, capacity 2858K, committed 2944K, reserved 1048576K
Event: 29.039 GC heap after
Heap after GC invocations=4 (full 0):
 PSYoungGen      total 18432K, used 2528K [0x00000000ebe00000, 0x00000000ee200000, 0x0000000100000000)
  eden space 15872K, 0% used [0x00000000ebe00000,0x00000000ebe00000,0x00000000ecd80000)
  from space 2560K, 98% used [0x00000000ed000000,0x00000000ed278020,0x00000000ed280000)
  to   space 2560K, 0% used [0x00000000ecd80000,0x00000000ecd80000,0x00000000ed000000)
 ParOldGen       total 42496K, used 23528K [0x00000000c3a00000, 0x00000000c6380000, 0x00000000ebe00000)
  object space 42496K, 55% used [0x00000000c3a00000,0x00000000c50fa068,0x00000000c6380000)
 Metaspace       used 17875K, capacity 18964K, committed 19072K, reserved 1064960K
  class space    used 2603K, capacity 2858K, committed 2944K, reserved 1048576K
}
Event: 29.113 GC heap before
{Heap before GC invocations=5 (full 0):
 PSYoungGen      total 18432K, used 18400K [0x00000000ebe00000, 0x00000000ee200000, 0x0000000100000000)
  eden space 15872K, 100% used [0x00000000ebe00000,0x00000000ecd80000,0x00000000ecd80000)
  from space 2560K, 98% used [0x00000000ed000000,0x00000000ed278020,0x00000000ed280000)
  to   space 2560K, 0% used [0x00000000ecd80000,0x00000000ecd80000,0x00000000ed000000)
 ParOldGen       total 42496K, used 23528K [0x00000000c3a00000, 0x00000000c6380000, 0x00000000ebe00000)
  object space 42496K, 55% used [0x00000000c3a00000,0x00000000c50fa068,0x00000000c6380000)
 Metaspace       used 17883K, capacity 18964K, committed 19072K, reserved 1064960K
  class space    used 2603K, capacity 2858K, committed 2944K, reserved 1048576K
Event: 29.199 GC heap after
Heap after GC invocations=5 (full 0):
 PSYoungGen      total 18432K, used 2528K [0x00000000ebe00000, 0x00000000f0700000, 0x0000000100000000)
  eden space 15872K, 0% used [0x00000000ebe00000,0x00000000ebe00000,0x00000000ecd80000)
  from space 2560K, 98% used [0x00000000ecd80000,0x00000000ecff8020,0x00000000ed000000)
  to   space 21504K, 0% used [0x00000000ef200000,0x00000000ef200000,0x00000000f0700000)
 ParOldGen       total 42496K, used 37296K [0x00000000c3a00000, 0x00000000c6380000, 0x00000000ebe00000)
  object space 42496K, 87% used [0x00000000c3a00000,0x00000000c5e6c078,0x00000000c6380000)
 Metaspace       used 17883K, capacity 18964K, committed 19072K, reserved 1064960K
  class space    used 2603K, capacity 2858K, committed 2944K, reserved 1048576K
}
Event: 29.199 GC heap before
{Heap before GC invocations=6 (full 1):
 PSYoungGen      total 18432K, used 2528K [0x00000000ebe00000, 0x00000000f0700000, 0x0000000100000000)
  eden space 15872K, 0% used [0x00000000ebe00000,0x00000000ebe00000,0x00000000ecd80000)
  from space 2560K, 98% used [0x00000000ecd80000,0x00000000ecff8020,0x00000000ed000000)
  to   space 21504K, 0% used [0x00000000ef200000,0x00000000ef200000,0x00000000f0700000)
 ParOldGen       total 42496K, used 37296K [0x00000000c3a00000, 0x00000000c6380000, 0x00000000ebe00000)
  object space 42496K, 87% used [0x00000000c3a00000,0x00000000c5e6c078,0x00000000c6380000)
 Metaspace       used 17883K, capacity 18964K, committed 19072K, reserved 1064960K
  class space    used 2603K, capacity 2858K, committed 2944K, reserved 1048576K
Event: 29.939 GC heap after
Heap after GC invocations=6 (full 1):
 PSYoungGen      total 18432K, used 0K [0x00000000ebe00000, 0x00000000f0700000, 0x0000000100000000)
  eden space 15872K, 0% used [0x00000000ebe00000,0x00000000ebe00000,0x00000000ecd80000)
  from space 2560K, 0% used [0x00000000ecd80000,0x00000000ecd80000,0x00000000ed000000)
  to   space 21504K, 0% used [0x00000000ef200000,0x00000000ef200000,0x00000000f0700000)
 ParOldGen       total 74752K, used 38008K [0x00000000c3a00000, 0x00000000c8300000, 0x00000000ebe00000)
  object space 74752K, 50% used [0x00000000c3a00000,0x00000000c5f1e248,0x00000000c8300000)
 Metaspace       used 17883K, capacity 18964K, committed 19072K, reserved 1064960K
  class space    used 2603K, capacity 2858K, committed 2944K, reserved 1048576K
}
Event: 30.068 GC heap before
{Heap before GC invocations=7 (full 1):
 PSYoungGen      total 18432K, used 14745K [0x00000000ebe00000, 0x00000000f0700000, 0x0000000100000000)
  eden space 15872K, 92% used [0x00000000ebe00000,0x00000000ecc665e0,0x00000000ecd80000)
  from space 2560K, 0% used [0x00000000ecd80000,0x00000000ecd80000,0x00000000ed000000)
  to   space 21504K, 0% used [0x00000000ef200000,0x00000000ef200000,0x00000000f0700000)
 ParOldGen       total 74752K, used 38008K [0x00000000c3a00000, 0x00000000c8300000, 0x00000000ebe00000)
  object space 74752K, 50% used [0x00000000c3a00000,0x00000000c5f1e248,0x00000000c8300000)
 Metaspace       used 17897K, capacity 19028K, committed 19328K, reserved 1064960K
  class space    used 2603K, capacity 2858K, committed 2944K, reserved 1048576K
Event: 30.135 GC heap after
Heap after GC invocations=7 (full 1):
 PSYoungGen      total 50176K, used 13216K [0x00000000ebe00000, 0x00000000f0580000, 0x0000000100000000)
  eden space 30208K, 0% used [0x00000000ebe00000,0x00000000ebe00000,0x00000000edb80000)
  from space 19968K, 66% used [0x00000000ef200000,0x00000000efee8000,0x00000000f0580000)
  to   space 21504K, 0% used [0x00000000edb80000,0x00000000edb80000,0x00000000ef080000)
 ParOldGen       total 74752K, used 38016K [0x00000000c3a00000, 0x00000000c8300000, 0x00000000ebe00000)
  object space 74752K, 50% used [0x00000000c3a00000,0x00000000c5f20248,0x00000000c8300000)
 Metaspace       used 17897K, capacity 19028K, committed 19328K, reserved 1064960K
  class space    used 2603K, capacity 2858K, committed 2944K, reserved 1048576K
}

